#
# There is insufficient memory for the Java Runtime Environment to continue.
# Native memory allocation (malloc) failed to allocate 1080480 bytes for Chunk::new
# Possible reasons:
#   The system is out of physical RAM or swap space
#   In 32 bit mode, the process size limit was hit
# Possible solutions:
#   Reduce memory load on the system
#   Increase physical memory or swap space
#   Check if swap backing store is full
#   Use 64 bit Java on a 64 bit OS
#   Decrease Java heap size (-Xmx/-Xms)
#   Decrease number of Java threads
#   Decrease Java thread stack sizes (-Xss)
#   Set larger code cache with -XX:ReservedCodeCacheSize=
# This output file may be truncated or incomplete.
#
#  Out of Memory Error (allocation.cpp:390), pid=648, tid=6784
#
# JRE version: Java(TM) SE Runtime Environment (8.0_60-b27) (build 1.8.0_60-b27)
# Java VM: Java HotSpot(TM) 64-Bit Server VM (25.60-b23 mixed mode windows-amd64 compressed oops)
# Failed to write core dump. Minidumps are not enabled by default on client versions of Windows
#

---------------  T H R E A D  ---------------

Current thread (0x000000001572e800):  JavaThread "C2 CompilerThread0" daemon [_thread_in_native, id=6784, stack(0x0000000016d60000,0x0000000016e60000)]

Stack: [0x0000000016d60000,0x0000000016e60000]
[error occurred during error reporting (printing stack bounds), id 0xc0000005]

Native frames: (J=compiled Java code, j=interpreted, Vv=VM code, C=native code)


Current CompileTask:
C2:  41043 2043       4       com.android.dx.cf.code.Simulator$SimVisitor::visitConstant (332 bytes)


---------------  P R O C E S S  ---------------

Java Threads: ( => current thread )
  0x00000000171cb000 JavaThread "pool-1-thread-4" [_thread_blocked, id=10588, stack(0x0000000017a60000,0x0000000017b60000)]
  0x00000000171c4800 JavaThread "pool-1-thread-3" [_thread_blocked, id=4492, stack(0x0000000017960000,0x0000000017a60000)]
  0x00000000171c3800 JavaThread "pool-1-thread-2" [_thread_blocked, id=11052, stack(0x0000000017860000,0x0000000017960000)]
  0x00000000171be800 JavaThread "pool-2-thread-1" [_thread_blocked, id=5984, stack(0x0000000017760000,0x0000000017860000)]
  0x00000000171bc000 JavaThread "pool-1-thread-1" [_thread_blocked, id=11300, stack(0x0000000017660000,0x0000000017760000)]
  0x0000000016f73800 JavaThread "Service Thread" daemon [_thread_blocked, id=9784, stack(0x0000000017460000,0x0000000017560000)]
  0x0000000016f68800 JavaThread "C1 CompilerThread2" daemon [_thread_blocked, id=10356, stack(0x0000000017360000,0x0000000017460000)]
  0x0000000015731000 JavaThread "C2 CompilerThread1" daemon [_thread_blocked, id=6336, stack(0x0000000016e60000,0x0000000016f60000)]
=>0x000000001572e800 JavaThread "C2 CompilerThread0" daemon [_thread_in_native, id=6784, stack(0x0000000016d60000,0x0000000016e60000)]
  0x000000001572b800 JavaThread "Attach Listener" daemon [_thread_blocked, id=12028, stack(0x0000000016c60000,0x0000000016d60000)]
  0x000000001572a000 JavaThread "Signal Dispatcher" daemon [_thread_blocked, id=1420, stack(0x0000000016b60000,0x0000000016c60000)]
  0x0000000003056800 JavaThread "Finalizer" daemon [_thread_blocked, id=2544, stack(0x0000000016980000,0x0000000016a80000)]
  0x000000000304d800 JavaThread "Reference Handler" daemon [_thread_blocked, id=6600, stack(0x0000000016880000,0x0000000016980000)]
  0x0000000002f62800 JavaThread "main" [_thread_blocked, id=11416, stack(0x0000000002e60000,0x0000000002f60000)]

Other Threads:
  0x00000000156f8000 VMThread [stack: 0x0000000016780000,0x0000000016880000] [id=9388]
  0x0000000016f6e800 WatcherThread [stack: 0x0000000017560000,0x0000000017660000] [id=9776]

VM state:at safepoint (normal execution)

VM Mutex/Monitor currently owned by a thread:  ([mutex/lock_event])
[0x0000000002e5cd90] Threads_lock - owner thread: 0x00000000156f8000
[0x0000000002e5c790] Heap_lock - owner thread: 0x00000000171c3800

Heap:
 PSYoungGen      total 68096K, used 68073K [0x00000000eab00000, 0x00000000f4400000, 0x0000000100000000)
  eden space 65536K, 100% used [0x00000000eab00000,0x00000000eeb00000,0x00000000eeb00000)
  from space 2560K, 99% used [0x00000000eeb00000,0x00000000eed7a580,0x00000000eed80000)
  to   space 12800K, 41% used [0x00000000f3780000,0x00000000f3cbdab8,0x00000000f4400000)
 ParOldGen       total 44032K, used 24708K [0x00000000c0000000, 0x00000000c2b00000, 0x00000000eab00000)
  object space 44032K, 56% used [0x00000000c0000000,0x00000000c18212e0,0x00000000c2b00000)
 Metaspace       used 6371K, capacity 7256K, committed 7424K, reserved 1056768K
  class space    used 616K, capacity 656K, committed 768K, reserved 1048576K

Card table byte_map: [0x0000000012420000,0x0000000012630000] byte_map_base: 0x0000000011e20000

Marking Bits: (ParMarkBitMap*) 0x000000005260a5b0
 Begin Bits: [0x0000000012b90000, 0x0000000013b90000)
 End Bits:   [0x0000000013b90000, 0x0000000014b90000)

Polling page: 0x0000000002c80000

CodeCache: size=245760Kb used=9550Kb max_used=9563Kb free=236209Kb
 bounds [0x0000000003060000, 0x00000000039d0000, 0x0000000012060000]
 total_blobs=2246 nmethods=1976 adapters=182
 compilation: enabled

Compilation events (10 events):
Event: 38.316 Thread 0x000000001572e800 nmethod 2069 0x00000000039ba550 code [0x00000000039ba760, 0x00000000039bc198]
Event: 38.318 Thread 0x000000001572e800 2043       4       com.android.dx.cf.code.Simulator$SimVisitor::visitConstant (332 bytes)
Event: 38.377 Thread 0x0000000015731000 nmethod 2075 0x00000000039bde50 code [0x00000000039be060, 0x00000000039bf4e8]
Event: 38.989 Thread 0x0000000015731000 2080       4       com.android.dx.rop.cst.CstInteger::make (47 bytes)
Event: 38.995 Thread 0x0000000015731000 nmethod 2080 0x00000000039aa150 code [0x00000000039aa2a0, 0x00000000039aa418]
Event: 38.995 Thread 0x0000000015731000 2083   !   4       com.android.dx.cf.code.BytecodeArray::parseInstruction (2764 bytes)
Event: 38.998 Thread 0x0000000016f68800 2088       3       com.android.dx.rop.code.SwitchInsn::withNewRegisters (22 bytes)
Event: 38.999 Thread 0x0000000016f68800 nmethod 2088 0x0000000003984d10 code [0x0000000003984e80, 0x00000000039851a8]
Event: 39.010 Thread 0x0000000016f68800 2095       2       com.android.dx.cf.code.SwitchList::getTarget (9 bytes)
Event: 39.011 Thread 0x0000000016f68800 nmethod 2095 0x0000000003984950 code [0x0000000003984ac0, 0x0000000003984c28]

GC Heap History (10 events):
Event: 11.595 GC heap after
Heap after GC invocations=1 (full 0):
 PSYoungGen      total 18944K, used 2551K [0x00000000eab00000, 0x00000000ed000000, 0x0000000100000000)
  eden space 16384K, 0% used [0x00000000eab00000,0x00000000eab00000,0x00000000ebb00000)
  from space 2560K, 99% used [0x00000000ebb00000,0x00000000ebd7dc60,0x00000000ebd80000)
  to   space 2560K, 0% used [0x00000000ecd80000,0x00000000ecd80000,0x00000000ed000000)
 ParOldGen       total 44032K, used 1858K [0x00000000c0000000, 0x00000000c2b00000, 0x00000000eab00000)
  object space 44032K, 4% used [0x00000000c0000000,0x00000000c01d0958,0x00000000c2b00000)
 Metaspace       used 5747K, capacity 6768K, committed 7040K, reserved 1056768K
  class space    used 593K, capacity 616K, committed 640K, reserved 1048576K
}
Event: 14.129 GC heap before
{Heap before GC invocations=2 (full 0):
 PSYoungGen      total 18944K, used 18935K [0x00000000eab00000, 0x00000000ed000000, 0x0000000100000000)
  eden space 16384K, 100% used [0x00000000eab00000,0x00000000ebb00000,0x00000000ebb00000)
  from space 2560K, 99% used [0x00000000ebb00000,0x00000000ebd7dc60,0x00000000ebd80000)
  to   space 2560K, 0% used [0x00000000ecd80000,0x00000000ecd80000,0x00000000ed000000)
 ParOldGen       total 44032K, used 1858K [0x00000000c0000000, 0x00000000c2b00000, 0x00000000eab00000)
  object space 44032K, 4% used [0x00000000c0000000,0x00000000c01d0958,0x00000000c2b00000)
 Metaspace       used 5954K, capacity 6960K, committed 7040K, reserved 1056768K
  class space    used 594K, capacity 616K, committed 640K, reserved 1048576K
Event: 14.430 GC heap after
Heap after GC invocations=2 (full 0):
 PSYoungGen      total 35328K, used 2528K [0x00000000eab00000, 0x00000000ed000000, 0x0000000100000000)
  eden space 32768K, 0% used [0x00000000eab00000,0x00000000eab00000,0x00000000ecb00000)
  from space 2560K, 98% used [0x00000000ecd80000,0x00000000ecff8030,0x00000000ed000000)
  to   space 2560K, 0% used [0x00000000ecb00000,0x00000000ecb00000,0x00000000ecd80000)
 ParOldGen       total 44032K, used 4392K [0x00000000c0000000, 0x00000000c2b00000, 0x00000000eab00000)
  object space 44032K, 9% used [0x00000000c0000000,0x00000000c044a0d0,0x00000000c2b00000)
 Metaspace       used 5954K, capacity 6960K, committed 7040K, reserved 1056768K
  class space    used 594K, capacity 616K, committed 640K, reserved 1048576K
}
Event: 20.847 GC heap before
{Heap before GC invocations=3 (full 0):
 PSYoungGen      total 35328K, used 35296K [0x00000000eab00000, 0x00000000ed000000, 0x0000000100000000)
  eden space 32768K, 100% used [0x00000000eab00000,0x00000000ecb00000,0x00000000ecb00000)
  from space 2560K, 98% used [0x00000000ecd80000,0x00000000ecff8030,0x00000000ed000000)
  to   space 2560K, 0% used [0x00000000ecb00000,0x00000000ecb00000,0x00000000ecd80000)
 ParOldGen       total 44032K, used 4392K [0x00000000c0000000, 0x00000000c2b00000, 0x00000000eab00000)
  object space 44032K, 9% used [0x00000000c0000000,0x00000000c044a0d0,0x00000000c2b00000)
 Metaspace       used 6141K, capacity 7092K, committed 7296K, reserved 1056768K
  class space    used 606K, capacity 620K, committed 640K, reserved 1048576K
Event: 21.277 GC heap after
Heap after GC invocations=3 (full 0):
 PSYoungGen      total 35328K, used 2535K [0x00000000eab00000, 0x00000000ef000000, 0x0000000100000000)
  eden space 32768K, 0% used [0x00000000eab00000,0x00000000eab00000,0x00000000ecb00000)
  from space 2560K, 99% used [0x00000000ecb00000,0x00000000ecd79da8,0x00000000ecd80000)
  to   space 2560K, 0% used [0x00000000eed80000,0x00000000eed80000,0x00000000ef000000)
 ParOldGen       total 44032K, used 9587K [0x00000000c0000000, 0x00000000c2b00000, 0x00000000eab00000)
  object space 44032K, 21% used [0x00000000c0000000,0x00000000c095cfc8,0x00000000c2b00000)
 Metaspace       used 6141K, capacity 7092K, committed 7296K, reserved 1056768K
  class space    used 606K, capacity 620K, committed 640K, reserved 1048576K
}
Event: 24.827 GC heap before
{Heap before GC invocations=4 (full 0):
 PSYoungGen      total 35328K, used 35303K [0x00000000eab00000, 0x00000000ef000000, 0x0000000100000000)
  eden space 32768K, 100% used [0x00000000eab00000,0x00000000ecb00000,0x00000000ecb00000)
  from space 2560K, 99% used [0x00000000ecb00000,0x00000000ecd79da8,0x00000000ecd80000)
  to   space 2560K, 0% used [0x00000000eed80000,0x00000000eed80000,0x00000000ef000000)
 ParOldGen       total 44032K, used 9587K [0x00000000c0000000, 0x00000000c2b00000, 0x00000000eab00000)
  object space 44032K, 21% used [0x00000000c0000000,0x00000000c095cfc8,0x00000000c2b00000)
 Metaspace       used 6240K, capacity 7192K, committed 7424K, reserved 1056768K
  class space    used 615K, capacity 656K, committed 768K, reserved 1048576K
Event: 26.802 GC heap after
Heap after GC invocations=4 (full 0):
 PSYoungGen      total 68096K, used 2554K [0x00000000eab00000, 0x00000000ef000000, 0x0000000100000000)
  eden space 65536K, 0% used [0x00000000eab00000,0x00000000eab00000,0x00000000eeb00000)
  from space 2560K, 99% used [0x00000000eed80000,0x00000000eeffebb0,0x00000000ef000000)
  to   space 2560K, 0% used [0x00000000eeb00000,0x00000000eeb00000,0x00000000eed80000)
 ParOldGen       total 44032K, used 14577K [0x00000000c0000000, 0x00000000c2b00000, 0x00000000eab00000)
  object space 44032K, 33% used [0x00000000c0000000,0x00000000c0e3c708,0x00000000c2b00000)
 Metaspace       used 6240K, capacity 7192K, committed 7424K, reserved 1056768K
  class space    used 615K, capacity 656K, committed 768K, reserved 1048576K
}
Event: 35.086 GC heap before
{Heap before GC invocations=5 (full 0):
 PSYoungGen      total 68096K, used 68090K [0x00000000eab00000, 0x00000000ef000000, 0x0000000100000000)
  eden space 65536K, 100% used [0x00000000eab00000,0x00000000eeb00000,0x00000000eeb00000)
  from space 2560K, 99% used [0x00000000eed80000,0x00000000eeffebb0,0x00000000ef000000)
  to   space 2560K, 0% used [0x00000000eeb00000,0x00000000eeb00000,0x00000000eed80000)
 ParOldGen       total 44032K, used 14577K [0x00000000c0000000, 0x00000000c2b00000, 0x00000000eab00000)
  object space 44032K, 33% used [0x00000000c0000000,0x00000000c0e3c708,0x00000000c2b00000)
 Metaspace       used 6344K, capacity 7256K, committed 7424K, reserved 1056768K
  class space    used 615K, capacity 656K, committed 768K, reserved 1048576K
Event: 36.618 GC heap after
Heap after GC invocations=5 (full 0):
 PSYoungGen      total 68096K, used 2537K [0x00000000eab00000, 0x00000000f4400000, 0x0000000100000000)
  eden space 65536K, 0% used [0x00000000eab00000,0x00000000eab00000,0x00000000eeb00000)
  from space 2560K, 99% used [0x00000000eeb00000,0x00000000eed7a580,0x00000000eed80000)
  to   space 12800K, 0% used [0x00000000f3780000,0x00000000f3780000,0x00000000f4400000)
 ParOldGen       total 44032K, used 24708K [0x00000000c0000000, 0x00000000c2b00000, 0x00000000eab00000)
  object space 44032K, 56% used [0x00000000c0000000,0x00000000c18212e0,0x00000000c2b00000)
 Metaspace       used 6344K, capacity 7256K, committed 7424K, reserved 1056768K
  class space    used 615K, capacity 656K, committed 768K, reserved 1048576K
}
Event: 40.996 GC heap before
{Heap before GC invocations=6 (full 0):
 PSYoungGen      total 68096K, used 68073K [0x00000000eab00000, 0x00000000f4400000, 0x0000000100000000)
  eden space 65536K, 100% used [0x00000000eab00000,0x00000000eeb00000,0x00000000eeb00000)
  from space 2560K, 99% used [0x00000000eeb00000,0x00000000eed7a580,0x00000000eed80000)
  to   space 12800K, 0% used [0x00000000f3780000,0x00000000f3780000,0x00000000f4400000)
 ParOldGen       total 44032K, used 24708K [0x00000000c0000000, 0x00000000c2b00000, 0x00000000eab00000)
  object space 44032K, 56% used [0x00000000c0000000,0x00000000c18212e0,0x00000000c2b00000)
 Metaspace       used 6371K, capacity 7256K, committed 7424K, reserved 1056768K
  class space    used 616K, capacity 656K, committed 768K, reserved 1048576K

Deoptimization events (10 events):
Event: 27.273 Thread 0x00000000171c3800 Uncommon trap: reason=class_check action=maybe_recompile pc=0x00000000037da48c method=com.android.dx.cf.code.Ropper.processBlock(Lcom/android/dx/cf/code/ByteBlock;Lcom/android/dx/cf/code/Frame;[I)V @ 777
Event: 28.493 Thread 0x00000000171c3800 Uncommon trap: reason=unstable_if action=reinterpret pc=0x00000000037fc4f8 method=com.android.dx.ssa.SCCP.simulateStmt(Lcom/android/dx/ssa/SsaInsn;)V @ 435
Event: 29.092 Thread 0x00000000171c3800 Uncommon trap: reason=bimorphic action=maybe_recompile pc=0x000000000371b3b8 method=com.android.dx.rop.code.RegisterSpec.withSimpleType()Lcom/android/dx/rop/code/RegisterSpec; @ 21
Event: 33.899 Thread 0x00000000171c4800 Uncommon trap: reason=class_check action=maybe_recompile pc=0x00000000037a563c method=com.android.dx.ssa.back.FirstFitLocalCombiningAllocator.findNextUnreservedRopReg(IILcom/android/dx/ssa/back/FirstFitLocalCombiningAllocator$Alignment;)I @ 60
Event: 37.139 Thread 0x00000000171bc000 Uncommon trap: reason=unstable_if action=reinterpret pc=0x000000000361ae08 method=com.android.dx.rop.code.LocalItem.compareHandlesNulls(Lcom/android/dx/rop/cst/CstString;Lcom/android/dx/rop/cst/CstString;)I @ 14
Event: 38.168 Thread 0x00000000171c3800 Uncommon trap: reason=class_check action=maybe_recompile pc=0x00000000037a563c method=com.android.dx.ssa.back.FirstFitLocalCombiningAllocator.findNextUnreservedRopReg(IILcom/android/dx/ssa/back/FirstFitLocalCombiningAllocator$Alignment;)I @ 60
Event: 38.168 Thread 0x00000000171c3800 Uncommon trap: reason=class_check action=maybe_recompile pc=0x00000000037a563c method=com.android.dx.ssa.back.FirstFitLocalCombiningAllocator.findNextUnreservedRopReg(IILcom/android/dx/ssa/back/FirstFitLocalCombiningAllocator$Alignment;)I @ 60
Event: 38.168 Thread 0x00000000171c3800 Uncommon trap: reason=class_check action=maybe_recompile pc=0x00000000037a563c method=com.android.dx.ssa.back.FirstFitLocalCombiningAllocator.findNextUnreservedRopReg(IILcom/android/dx/ssa/back/FirstFitLocalCombiningAllocator$Alignment;)I @ 60
Event: 38.988 Thread 0x00000000171cb000 Uncommon trap: reason=bimorphic action=maybe_recompile pc=0x000000000385d244 method=com.android.dx.cf.code.BytecodeArray.parseInstruction(ILcom/android/dx/cf/code/BytecodeArray$Visitor;)I @ 955
Event: 38.988 Thread 0x00000000171cb000 Uncommon trap: reason=bimorphic action=maybe_recompile pc=0x000000000385d244 method=com.android.dx.cf.code.BytecodeArray.parseInstruction(ILcom/android/dx/cf/code/BytecodeArray$Visitor;)I @ 955

Internal exceptions (6 events):
Event: 0.932 Thread 0x0000000002f62800 Exception <a 'java/lang/NoSuchMethodError': Method sun.misc.Unsafe.defineClass(Ljava/lang/String;[BII)Ljava/lang/Class; name or signature does not match> (0x00000000eab0d888) thrown at [C:\re\workspace\8-2-build-windows-amd64-cygwin\jdk8u60\4407\hotspot\srJ醉?
Event: 0.933 Thread 0x0000000002f62800 Exception <a 'java/lang/NoSuchMethodError': Method sun.misc.Unsafe.prefetchRead(Ljava/lang/Object;J)V name or signature does not match> (0x00000000eab0db70) thrown at [C:\re\workspace\8-2-build-windows-amd64-cygwin\jdk8u60\4407\hotspot\src\share\vm\prims\jS81@
Event: 17.509 Thread 0x00000000171c3800 Exception <a 'java/lang/ArrayIndexOutOfBoundsException': 18> (0x00000000ebc26a38) thrown at [C:\re\workspace\8-2-build-windows-amd64-cygwin\jdk8u60\4407\hotspot\src\share\vm\interpreter\interpreterRuntime.cpp, line 366]
Event: 23.237 Thread 0x00000000171c3800 Exception <a 'java/lang/ArrayIndexOutOfBoundsException'> (0x00000000ec1ddad0) thrown at [C:\re\workspace\8-2-build-windows-amd64-cygwin\jdk8u60\4407\hotspot\src\share\vm\runtime\sharedRuntime.cpp, line 605]
Event: 23.633 Thread 0x00000000171c3800 Exception <a 'java/lang/ArrayIndexOutOfBoundsException'> (0x00000000ec21ed70) thrown at [C:\re\workspace\8-2-build-windows-amd64-cygwin\jdk8u60\4407\hotspot\src\share\vm\runtime\sharedRuntime.cpp, line 605]
Event: 37.139 Thread 0x00000000171bc000 Implicit null exception at 0x00000000036197e6 to 0x000000000361add9

Events (10 events):
Event: 38.988 Thread 0x00000000171cb000 Uncommon trap: trap_request=0xffffffc6 fr.pc=0x000000000385d244
Event: 38.988 Thread 0x00000000171cb000 DEOPT PACKING pc=0x000000000385d244 sp=0x0000000017b5e970
Event: 38.988 Thread 0x00000000171cb000 DEOPT UNPACKING pc=0x00000000030a582a sp=0x0000000017b5e938 mode 2
Event: 38.991 loading class com/android/dx/cf/iface/ParseObserver
Event: 38.991 loading class com/android/dx/cf/iface/ParseObserver done
Event: 39.001 Thread 0x00000000171bc000 DEOPT PACKING pc=0x00000000034b31bd sp=0x000000001775e680
Event: 39.026 Thread 0x0000000002f62800 DEOPT PACKING pc=0x0000000003451831 sp=0x0000000002f5e390
Event: 39.026 Thread 0x0000000002f62800 DEOPT UNPACKING pc=0x00000000030a787f sp=0x0000000002f5e120 mode 0
Event: 39.172 Executing VM operation: ParallelGCFailedAllocation
Event: 40.995 Thread 0x00000000171bc000 DEOPT UNPACKING pc=0x00000000030a787f sp=0x000000001775e3b8 mode 0


Dynamic libraries:
0x00007ff673f00000 - 0x00007ff673f37000 	C:\Program Files\Java\jdk1.8.0_60\bin\java.exe
0x00007ffbb5740000 - 0x00007ffbb5901000 	C:\WINDOWS\SYSTEM32\ntdll.dll
0x00007ffbb2fe0000 - 0x00007ffbb308d000 	C:\WINDOWS\system32\KERNEL32.DLL
0x00007ffbb2c30000 - 0x00007ffbb2e0d000 	C:\WINDOWS\system32\KERNELBASE.dll
0x00007ffbb3be0000 - 0x00007ffbb3c86000 	C:\WINDOWS\system32\ADVAPI32.dll
0x00007ffbb33b0000 - 0x00007ffbb344d000 	C:\WINDOWS\system32\msvcrt.dll
0x0000000001110000 - 0x000000000116b000 	C:\WINDOWS\system32\sechost.dll
0x00007ffbb55b0000 - 0x00007ffbb56d6000 	C:\WINDOWS\system32\RPCRT4.dll
0x00007ffbb2e90000 - 0x00007ffbb2fde000 	C:\WINDOWS\system32\USER32.dll
0x00007ffbb3a00000 - 0x00007ffbb3b86000 	C:\WINDOWS\system32\GDI32.dll
0x00007ffba3b60000 - 0x00007ffba3dd4000 	C:\WINDOWS\WinSxS\amd64_microsoft.windows.common-controls_6595b64144ccf1df_6.0.10240.16384_none_f41f7b285750ef43\COMCTL32.dll
0x00007ffbb3ba0000 - 0x00007ffbb3bd6000 	C:\WINDOWS\system32\IMM32.DLL
0x00007ffbb3f20000 - 0x00007ffbb407c000 	C:\WINDOWS\system32\MSCTF.dll
0x00007ffbb1d30000 - 0x00007ffbb1d5c000 	C:\WINDOWS\SYSTEM32\SspiCli.dll
0x00007ffbb1440000 - 0x00007ffbb1472000 	C:\WINDOWS\SYSTEM32\ntmarta.dll
0x00000000519a0000 - 0x0000000051a72000 	C:\Program Files\Java\jdk1.8.0_60\jre\bin\msvcr100.dll
0x0000000051e00000 - 0x0000000052689000 	C:\Program Files\Java\jdk1.8.0_60\jre\bin\server\jvm.dll
0x00007ffbb3f10000 - 0x00007ffbb3f18000 	C:\WINDOWS\system32\PSAPI.DLL
0x00007ffba7ee0000 - 0x00007ffba7ee9000 	C:\WINDOWS\SYSTEM32\WSOCK32.dll
0x00007ffbb07f0000 - 0x00007ffbb0813000 	C:\WINDOWS\SYSTEM32\WINMM.dll
0x00007ffba9690000 - 0x00007ffba969a000 	C:\WINDOWS\SYSTEM32\VERSION.dll
0x00007ffbb34d0000 - 0x00007ffbb3539000 	C:\WINDOWS\system32\WS2_32.dll
0x00007ffbb3b90000 - 0x00007ffbb3b98000 	C:\WINDOWS\system32\NSI.dll
0x00007ffbb0760000 - 0x00007ffbb078c000 	C:\WINDOWS\SYSTEM32\WINMMBASE.dll
0x00007ffbb2be0000 - 0x00007ffbb2c24000 	C:\WINDOWS\system32\cfgmgr32.dll
0x00007ffbb0a40000 - 0x00007ffbb0a67000 	C:\WINDOWS\SYSTEM32\DEVOBJ.dll
0x0000000052bf0000 - 0x0000000052bff000 	C:\Program Files\Java\jdk1.8.0_60\jre\bin\verify.dll
0x0000000051dd0000 - 0x0000000051df9000 	C:\Program Files\Java\jdk1.8.0_60\jre\bin\java.dll
0x0000000051db0000 - 0x0000000051dc6000 	C:\Program Files\Java\jdk1.8.0_60\jre\bin\zip.dll
0x00007ffbb4080000 - 0x00007ffbb55a2000 	C:\WINDOWS\system32\SHELL32.dll
0x00007ffbb25b0000 - 0x00007ffbb2bd8000 	C:\WINDOWS\system32\windows.storage.dll
0x00007ffbb3c90000 - 0x00007ffbb3f0c000 	C:\WINDOWS\system32\combase.dll
0x00007ffbb39a0000 - 0x00007ffbb39f1000 	C:\WINDOWS\system32\shlwapi.dll
0x00007ffbb2170000 - 0x00007ffbb217f000 	C:\WINDOWS\system32\kernel.appcore.dll
0x00007ffbb2440000 - 0x00007ffbb24f3000 	C:\WINDOWS\system32\shcore.dll
0x00007ffbb21c0000 - 0x00007ffbb220a000 	C:\WINDOWS\system32\powrprof.dll
0x00007ffbb2180000 - 0x00007ffbb2193000 	C:\WINDOWS\system32\profapi.dll

VM Arguments:
jvm_args: -Xmx1024M -Dfile.encoding=windows-1252 -Duser.country=US -Duser.language=en -Duser.variant 
java_command: com.android.dx.command.Main --dex --num-threads=4 --output C:\Users\Camilo\Google Drive\Florida Atlantic University\10 - Fall 2015\Software-Hardware Codesign\Final Project\BrainDroid\app\build\intermediates\pre-dexed\debug\classes-f22991ec4ef048f631e4cd9bfcd696e9be10fb8d.jar C:\Users\Camilo\Google Drive\Florida Atlantic University\10 - Fall 2015\Software-Hardware Codesign\Final Project\BrainDroid\app\build\intermediates\exploded-aar\com.android.support\support-v4\23.1.0\jars\classes.jar
java_class_path (initial): C:\Users\Camilo\AppData\Local\Android\sdk\build-tools\23.0.0\lib\dx.jar
Launcher Type: SUN_STANDARD

Environment Variables:
PATH=C:\ProgramData\Oracle\Java\javapath;C:\WINDOWS\system32;C:\WINDOWS;C:\WINDOWS\System32\Wbem;C:\WINDOWS\System32\WindowsPowerShell\v1.0\;C:\Program Files (x86)\Windows Kits\8.1\Windows Performance Toolkit\;C:\Program Files\Microsoft SQL Server\110\Tools\Binn\;C:\Program Files (x86)\Microsoft SDKs\TypeScript\1.0\;C:\Users\Camilo\AppData\Local\Android\sdk\platform-tools\;C:\Users\Camilo\AppData\Local\Android\sdk\tools;C:\Program Files (x86)\Skype\Phone\;C:\Program Files (x86)\MySQL\MySQL Fabric 1.5 & MySQL Utilities 1.5\;C:\Program Files (x86)\MySQL\MySQL Fabric 1.5 & MySQL Utilities 1.5\Doctrine extensions for PHP\;C:\Users\Camilo\AppData\Local\GitHub\PortableGit_c2ba306e536fdf878271f7fe636a147ff37326ad\bin\git.exe;C:\Users\Camilo\AppData\Local\Programs\Python\Python35\Scripts\;C:\Users\Camilo\AppData\Local\Programs\Python\Python35\
USERNAME=Camilo
OS=Windows_NT
PROCESSOR_IDENTIFIER=Intel64 Family 6 Model 58 Stepping 9, GenuineIntel



---------------  S Y S T E M  ---------------

OS: Windows 10.0 , 64 bit Build 10240 (10.0.10240.16384)

CPU:total 4 (2 cores per cpu, 2 threads per core) family 6 model 58 stepping 9, cmov, cx8, fxsr, mmx, sse, sse2, sse3, ssse3, sse4.1, sse4.2, popcnt, avx, clmul, erms, ht, tsc, tscinvbit, tscinv

Memory: 4k page, physical 4077156k(203648k free), swap 8533604k(0k free)

vm_info: Java HotSpot(TM) 64-Bit Server VM (25.60-b23) for windows-amd64 JRE (1.8.0_60-b27), built on Aug  4 2015 11:06:27 by "java_re" with MS VC++ 10.0 (VS2010)

time: Sat Oct 31 16:18:10 2015
elapsed time: 41 seconds (0d 0h 0m 41s)

